2026-02-04 15:57:37,299 INFO: SmartEnergy Backend Startup [in D:\CS\University\FYP\Prototype\backend\app.py:29]
2026-02-04 15:57:40,182 INFO: SmartEnergy Backend Startup [in D:\CS\University\FYP\Prototype\backend\app.py:29]
2026-02-04 16:36:31,166 INFO: SmartEnergy Backend Startup [in D:\CS\University\FYP\Prototype\backend\app.py:29]
2026-02-04 16:36:34,396 INFO: SmartEnergy Backend Startup [in D:\CS\University\FYP\Prototype\backend\app.py:29]
2026-02-04 18:31:58,353 INFO: SmartEnergy Backend Startup [in D:\CS\University\FYP\Prototype\backend\app.py:29]
2026-02-04 18:32:48,046 INFO: SmartEnergy Backend Startup [in D:\CS\University\FYP\Prototype\backend\app.py:29]
2026-02-04 18:32:58,829 INFO: SmartEnergy Backend Startup [in D:\CS\University\FYP\Prototype\backend\app.py:29]
2026-02-04 18:38:37,303 INFO: SmartEnergy Backend Startup [in D:\CS\University\FYP\Prototype\backend\app.py:29]
2026-02-15 01:45:52,523 INFO: SmartEnergy Backend Startup [in D:\CS\University\FYP\Prototype\backend\app.py:29]
2026-02-15 15:36:53,537 INFO: SmartEnergy Backend Startup [in D:\CS\University\FYP\Prototype\backend\app.py:29]
2026-02-15 15:37:14,804 INFO: SmartEnergy Backend Startup [in D:\CS\University\FYP\Prototype\backend\app.py:29]
2026-02-16 14:28:05,673 INFO: SmartEnergy Backend Startup [in D:\CS\University\FYP\Prototype\backend\app.py:29]
2026-02-16 14:34:19,972 INFO: SmartEnergy Backend Startup [in D:\CS\University\FYP\Prototype\backend\app.py:29]
2026-02-16 14:34:46,380 INFO: SmartEnergy Backend Startup [in D:\CS\University\FYP\Prototype\backend\app.py:29]
2026-02-16 14:58:00,506 INFO: SmartEnergy Backend Startup [in D:\CS\University\FYP\Prototype\backend\app.py:29]
2026-02-17 17:59:33,807 INFO: SmartEnergy Backend Startup [in D:\CS\University\FYP\Prototype\backend\app.py:37]
2026-02-17 18:04:29,725 INFO: SmartEnergy Backend Startup [in D:\CS\University\FYP\Prototype\backend\app.py:37]
2026-02-17 18:08:19,821 INFO: SmartEnergy Backend Startup [in D:\CS\University\FYP\Prototype\backend\app.py:37]
2026-02-17 18:08:35,293 INFO: SmartEnergy Backend Startup [in D:\CS\University\FYP\Prototype\backend\app.py:37]
2026-02-17 18:24:20,621 ERROR: Unhandled Exception: (psycopg2.OperationalError) SSL SYSCALL error: EOF detected

[SQL: SELECT "user".id AS user_id, "user".username AS user_username, "user".email AS user_email, "user".password_hash AS user_password_hash, "user".role AS user_role, "user".is_active_account AS user_is_active_account, "user".is_pending_admin AS user_is_pending_admin, "user".activation_token AS user_activation_token, "user".created_at AS user_created_at 
FROM "user"]
(Background on this error at: https://sqlalche.me/e/20/e3q8) [in D:\CS\University\FYP\Prototype\backend\app.py:69]
Traceback (most recent call last):
  File "D:\CS\University\FYP\Prototype\backend\venv\Lib\site-packages\sqlalchemy\engine\base.py", line 1967, in _exec_single_context
    self.dialect.do_execute(
    ~~~~~~~~~~~~~~~~~~~~~~~^
        cursor, str_statement, effective_parameters, context
        ^^^^^^^^^^^^^^^^^^^^^^^^^^^^^^^^^^^^^^^^^^^^^^^^^^^^
    )
    ^
  File "D:\CS\University\FYP\Prototype\backend\venv\Lib\site-packages\sqlalchemy\engine\default.py", line 952, in do_execute
    cursor.execute(statement, parameters)
    ~~~~~~~~~~~~~~^^^^^^^^^^^^^^^^^^^^^^^
psycopg2.OperationalError: SSL SYSCALL error: EOF detected


The above exception was the direct cause of the following exception:

Traceback (most recent call last):
  File "D:\CS\University\FYP\Prototype\backend\venv\Lib\site-packages\flask\app.py", line 917, in full_dispatch_request
    rv = self.dispatch_request()
  File "D:\CS\University\FYP\Prototype\backend\venv\Lib\site-packages\flask\app.py", line 902, in dispatch_request
    return self.ensure_sync(self.view_functions[rule.endpoint])(**view_args)  # type: ignore[no-any-return]
           ~~~~~~~~~~~~~~~~~~~~~~~~~~~~~~~~~~~~~~~~~~~~~~~~~~~~^^^^^^^^^^^^^
  File "D:\CS\University\FYP\Prototype\backend\venv\Lib\site-packages\flask_jwt_extended\view_decorators.py", line 170, in decorator
    return current_app.ensure_sync(fn)(*args, **kwargs)
           ~~~~~~~~~~~~~~~~~~~~~~~~~~~^^^^^^^^^^^^^^^^^
  File "D:\CS\University\FYP\Prototype\backend\app.py", line 137, in get_users
    users = User.query.all()
  File "D:\CS\University\FYP\Prototype\backend\venv\Lib\site-packages\sqlalchemy\orm\query.py", line 2704, in all
    return self._iter().all()  # type: ignore
           ~~~~~~~~~~^^
  File "D:\CS\University\FYP\Prototype\backend\venv\Lib\site-packages\sqlalchemy\orm\query.py", line 2857, in _iter
    result: Union[ScalarResult[_T], Result[_T]] = self.session.execute(
                                                  ~~~~~~~~~~~~~~~~~~~~^
        statement,
        ^^^^^^^^^^
        params,
        ^^^^^^^
        execution_options={"_sa_orm_load_options": self.load_options},
        ^^^^^^^^^^^^^^^^^^^^^^^^^^^^^^^^^^^^^^^^^^^^^^^^^^^^^^^^^^^^^^
    )
    ^
  File "D:\CS\University\FYP\Prototype\backend\venv\Lib\site-packages\sqlalchemy\orm\session.py", line 2351, in execute
    return self._execute_internal(
           ~~~~~~~~~~~~~~~~~~~~~~^
        statement,
        ^^^^^^^^^^
    ...<4 lines>...
        _add_event=_add_event,
        ^^^^^^^^^^^^^^^^^^^^^^
    )
    ^
  File "D:\CS\University\FYP\Prototype\backend\venv\Lib\site-packages\sqlalchemy\orm\session.py", line 2249, in _execute_internal
    result: Result[Any] = compile_state_cls.orm_execute_statement(
                          ~~~~~~~~~~~~~~~~~~~~~~~~~~~~~~~~~~~~~~~^
        self,
        ^^^^^
    ...<4 lines>...
        conn,
        ^^^^^
    )
    ^
  File "D:\CS\University\FYP\Prototype\backend\venv\Lib\site-packages\sqlalchemy\orm\context.py", line 306, in orm_execute_statement
    result = conn.execute(
        statement, params or {}, execution_options=execution_options
    )
  File "D:\CS\University\FYP\Prototype\backend\venv\Lib\site-packages\sqlalchemy\engine\base.py", line 1419, in execute
    return meth(
        self,
        distilled_parameters,
        execution_options or NO_OPTIONS,
    )
  File "D:\CS\University\FYP\Prototype\backend\venv\Lib\site-packages\sqlalchemy\sql\elements.py", line 527, in _execute_on_connection
    return connection._execute_clauseelement(
           ~~~~~~~~~~~~~~~~~~~~~~~~~~~~~~~~~^
        self, distilled_params, execution_options
        ^^^^^^^^^^^^^^^^^^^^^^^^^^^^^^^^^^^^^^^^^
    )
    ^
  File "D:\CS\University\FYP\Prototype\backend\venv\Lib\site-packages\sqlalchemy\engine\base.py", line 1641, in _execute_clauseelement
    ret = self._execute_context(
        dialect,
    ...<8 lines>...
        cache_hit=cache_hit,
    )
  File "D:\CS\University\FYP\Prototype\backend\venv\Lib\site-packages\sqlalchemy\engine\base.py", line 1846, in _execute_context
    return self._exec_single_context(
           ~~~~~~~~~~~~~~~~~~~~~~~~~^
        dialect, context, statement, parameters
        ^^^^^^^^^^^^^^^^^^^^^^^^^^^^^^^^^^^^^^^
    )
    ^
  File "D:\CS\University\FYP\Prototype\backend\venv\Lib\site-packages\sqlalchemy\engine\base.py", line 1986, in _exec_single_context
    self._handle_dbapi_exception(
    ~~~~~~~~~~~~~~~~~~~~~~~~~~~~^
        e, str_statement, effective_parameters, cursor, context
        ^^^^^^^^^^^^^^^^^^^^^^^^^^^^^^^^^^^^^^^^^^^^^^^^^^^^^^^
    )
    ^
  File "D:\CS\University\FYP\Prototype\backend\venv\Lib\site-packages\sqlalchemy\engine\base.py", line 2363, in _handle_dbapi_exception
    raise sqlalchemy_exception.with_traceback(exc_info[2]) from e
  File "D:\CS\University\FYP\Prototype\backend\venv\Lib\site-packages\sqlalchemy\engine\base.py", line 1967, in _exec_single_context
    self.dialect.do_execute(
    ~~~~~~~~~~~~~~~~~~~~~~~^
        cursor, str_statement, effective_parameters, context
        ^^^^^^^^^^^^^^^^^^^^^^^^^^^^^^^^^^^^^^^^^^^^^^^^^^^^
    )
    ^
  File "D:\CS\University\FYP\Prototype\backend\venv\Lib\site-packages\sqlalchemy\engine\default.py", line 952, in do_execute
    cursor.execute(statement, parameters)
    ~~~~~~~~~~~~~~^^^^^^^^^^^^^^^^^^^^^^^
sqlalchemy.exc.OperationalError: (psycopg2.OperationalError) SSL SYSCALL error: EOF detected

[SQL: SELECT "user".id AS user_id, "user".username AS user_username, "user".email AS user_email, "user".password_hash AS user_password_hash, "user".role AS user_role, "user".is_active_account AS user_is_active_account, "user".is_pending_admin AS user_is_pending_admin, "user".activation_token AS user_activation_token, "user".created_at AS user_created_at 
FROM "user"]
(Background on this error at: https://sqlalche.me/e/20/e3q8)
2026-02-17 18:30:03,990 INFO: SmartEnergy Backend Startup [in D:\CS\University\FYP\Prototype\backend\app.py:37]
2026-02-17 19:01:56,970 INFO: SmartEnergy Backend Startup [in D:\CS\University\FYP\Prototype\backend\app.py:37]
2026-02-17 19:02:08,195 INFO: SmartEnergy Backend Startup [in D:\CS\University\FYP\Prototype\backend\app.py:37]
